This file contains any messages produced by compilers while
running configure, to aid debugging if configure makes a mistake.

configure:570: checking for a BSD compatible install
configure:623: checking whether build environment is sane
configure:680: checking whether make sets ${MAKE}
configure:726: checking for working aclocal
configure:739: checking for working autoconf
configure:752: checking for working automake
configure:765: checking for working autoheader
configure:778: checking for working makeinfo
configure:794: checking for gcc
configure:907: checking whether the C compiler (gcc  ) works
configure:923: gcc -o conftest    conftest.c  1>&5
configure:949: checking whether the C compiler (gcc  ) is a cross-compiler
configure:954: checking whether we are using GNU C
configure:982: checking whether gcc accepts -g
configure:1016: checking for ranlib
configure:1055: checking for a BSD compatible install
configure:1108: checking whether ln -s works
configure:1129: checking whether make sets ${MAKE}
configure:1157: checking for working const
configure:1232: checking for inline
configure:1273: checking for Cygwin environment
configure:1306: checking for mingw32 environment
configure:1337: checking for executable suffix
configure:1368: checking for object suffix
configure:1394: checking whether #! works in shell scripts
configure:1418: checking for setsid
configure:1418: checking for daemon
configure:1418: checking for setproctitle
configure:1418: checking for getservbyname
configure:1418: checking for strlcpy
configure:1418: checking for fork
configure:1418: checking for memmove
configure:1418: checking for strerror
configure:1472: checking how to run the C preprocessor
configure:1555: checking for pty.h
configure:1595: checking for string.h
configure:1635: checking for syslog.h
configure:1675: checking for libintl.h
configure:1715: checking for libutil.h
configure:1753: checking for ANSI C header files
configure:1857: checking for size_t
configure:1890: checking for ssize_t
configure:1923: checking for u_int8_t
configure:1956: checking for u_int16_t
configure:1989: checking for u_int32_t
configure:2023: checking for socklen_t
configure:2065: checking for libwrap alone
configure:2075: gcc -o conftest -g -O2   conftest.c  -lwrap 1>&5
/usr/lib/gcc-lib/i386-redhat-linux/2.96/../../../libwrap.a(hosts_access.o): In function `host_match':
hosts_access.o(.text+0x606): undefined reference to `yp_get_default_domain'
collect2: ld returned 1 exit status
configure: failed program was:
#line 2068 "configure"
#include "confdefs.h"
 int allow_severity, deny_severity; 
int main() {
 hosts_access(); 
; return 0; }
configure:2091: checking for libwrap with libnsl
configure:2100: gcc -o conftest -g -O2   conftest.c  -lwrap -lnsl 1>&5
configure:2126: checking for accept in -lc
configure:2173: checking for gethostbyname in -lc
configure:2220: checking for openpty in -lc
configure:2267: checking for gettext in -lc
configure:2314: checking for accept in -lsocket
configure:2361: checking for gethostbyname in -lnsl
configure:2408: checking for openpty in -lutil
configure:2455: checking for gettext in -lintl
